  [1m[35m (194.1ms)[0m  [1m[35mCREATE DATABASE "tweeter_app_api_development" ENCODING = 'unicode'[0m
  [1m[35m (82.7ms)[0m  [1m[35mCREATE DATABASE "tweeter_app_api_test" ENCODING = 'unicode'[0m
Started GET "/" for ::1 at 2021-02-23 14:38:31 -0700
Processing by Rails::WelcomeController#index as HTML
  Rendering /Users/garybarkauski/.rbenv/versions/3.0.0/lib/ruby/gems/3.0.0/gems/railties-6.1.3/lib/rails/templates/rails/welcome/index.html.erb
  Rendered /Users/garybarkauski/.rbenv/versions/3.0.0/lib/ruby/gems/3.0.0/gems/railties-6.1.3/lib/rails/templates/rails/welcome/index.html.erb (Duration: 8.2ms | Allocations: 468)
Completed 200 OK in 32ms (Views: 22.4ms | ActiveRecord: 0.0ms | Allocations: 3966)


  [1m[35m (36.4ms)[0m  [1m[35mCREATE TABLE "schema_migrations" ("version" character varying NOT NULL PRIMARY KEY)[0m
  [1m[35m (5.7ms)[0m  [1m[35mCREATE TABLE "ar_internal_metadata" ("key" character varying NOT NULL PRIMARY KEY, "value" character varying, "created_at" timestamp(6) NOT NULL, "updated_at" timestamp(6) NOT NULL)[0m
  [1m[35m (0.2ms)[0m  [1m[34mSELECT pg_try_advisory_lock(1344325399035759420)[0m
  [1m[35m (0.7ms)[0m  [1m[34mSELECT "schema_migrations"."version" FROM "schema_migrations" ORDER BY "schema_migrations"."version" ASC[0m
Migrating to CreateTweets (20210223214109)
  [1m[36mTRANSACTION (0.1ms)[0m  [1m[35mBEGIN[0m
  [1m[35m (10.9ms)[0m  [1m[35mCREATE TABLE "tweets" ("id" bigserial primary key, "title" character varying, "content" character varying, "author" character varying)[0m
  [1m[36mActiveRecord::SchemaMigration Create (0.7ms)[0m  [1m[32mINSERT INTO "schema_migrations" ("version") VALUES ($1) RETURNING "version"[0m  [["version", "20210223214109"]]
  [1m[36mTRANSACTION (0.4ms)[0m  [1m[35mCOMMIT[0m
  [1m[36mActiveRecord::InternalMetadata Load (0.9ms)[0m  [1m[34mSELECT "ar_internal_metadata".* FROM "ar_internal_metadata" WHERE "ar_internal_metadata"."key" = $1 LIMIT $2[0m  [["key", "environment"], ["LIMIT", 1]]
  [1m[36mTRANSACTION (1.1ms)[0m  [1m[35mBEGIN[0m
  [1m[36mActiveRecord::InternalMetadata Create (9.0ms)[0m  [1m[32mINSERT INTO "ar_internal_metadata" ("key", "value", "created_at", "updated_at") VALUES ($1, $2, $3, $4) RETURNING "key"[0m  [["key", "environment"], ["value", "development"], ["created_at", "2021-02-23 21:43:58.863143"], ["updated_at", "2021-02-23 21:43:58.863143"]]
  [1m[36mTRANSACTION (0.3ms)[0m  [1m[35mCOMMIT[0m
  [1m[35m (0.4ms)[0m  [1m[34mSELECT pg_advisory_unlock(1344325399035759420)[0m
  [1m[35m (0.9ms)[0m  [1m[34mSELECT "schema_migrations"."version" FROM "schema_migrations" ORDER BY "schema_migrations"."version" ASC[0m
